<?xml version="1.0" encoding="UTF-8"?>
<coverage generated="1728898709820" clover="3.2.0">
  <project timestamp="1728898709821" name="All files">
    <metrics statements="23" coveredstatements="18" conditionals="18" coveredconditionals="13" methods="4" coveredmethods="3" elements="45" coveredelements="34" complexity="0" loc="23" ncloc="23" packages="1" files="3" classes="3"/>
    <file name="add.ts" path="/home/projects/vitest-dev-vitest-sbuuxl/src/add.ts">
      <metrics statements="3" coveredstatements="3" conditionals="4" coveredconditionals="4" methods="1" coveredmethods="1"/>
      <line num="4" count="5" type="cond" truecount="4" falsecount="0"/>
      <line num="5" count="2" type="stmt"/>
      <line num="8" count="3" type="stmt"/>
    </file>
    <file name="basic.ts" path="/home/projects/vitest-dev-vitest-sbuuxl/src/basic.ts">
      <metrics statements="1" coveredstatements="1" conditionals="0" coveredconditionals="0" methods="1" coveredmethods="1"/>
      <line num="1" count="4" type="stmt"/>
    </file>
    <file name="order.ts" path="/home/projects/vitest-dev-vitest-sbuuxl/src/order.ts">
      <metrics statements="19" coveredstatements="14" conditionals="14" coveredconditionals="9" methods="2" coveredmethods="1"/>
      <line num="17" count="1" type="cond" truecount="1" falsecount="1"/>
      <line num="19" count="1" type="stmt"/>
      <line num="21" count="1" type="stmt"/>
      <line num="22" count="2" type="cond" truecount="1" falsecount="1"/>
      <line num="23" count="0" type="stmt"/>
      <line num="26" count="2" type="stmt"/>
      <line num="28" count="2" type="cond" truecount="2" falsecount="0"/>
      <line num="29" count="1" type="cond" truecount="3" falsecount="1"/>
      <line num="30" count="0" type="stmt"/>
      <line num="32" count="1" type="stmt"/>
      <line num="35" count="2" type="stmt"/>
      <line num="38" count="1" type="stmt"/>
      <line num="40" count="1" type="cond" truecount="1" falsecount="1"/>
      <line num="41" count="1" type="cond" truecount="1" falsecount="1"/>
      <line num="42" count="1" type="stmt"/>
      <line num="44" count="0" type="stmt"/>
      <line num="45" count="0" type="stmt"/>
      <line num="48" count="0" type="stmt"/>
      <line num="52" count="1" type="stmt"/>
    </file>
  </project>
</coverage>
